<?xml version="1.0" encoding="UTF-8"?>
<coverage generated="1711546964183" clover="3.2.0">
  <project timestamp="1711546964183" name="All files">
    <metrics statements="101" coveredstatements="96" conditionals="68" coveredconditionals="57" methods="29" coveredmethods="29" elements="198" coveredelements="182" complexity="0" loc="101" ncloc="101" packages="2" files="7" classes="7"/>
    <package name="models">
      <metrics statements="86" coveredstatements="82" conditionals="64" coveredconditionals="54" methods="27" coveredmethods="27"/>
      <file name="AcademicPlan.ts" path="/Users/gilbertoarellano/Dropbox/Academia/Chapman/Spring 2024/SE 498/arellano.gilberto.se498.assignment2/academic-advising-tool/src/models/AcademicPlan.ts">
        <metrics statements="27" coveredstatements="24" conditionals="10" coveredconditionals="8" methods="8" coveredmethods="8"/>
        <line num="2" count="4" type="stmt"/>
        <line num="4" count="4" type="stmt"/>
        <line num="9" count="27" type="stmt"/>
        <line num="10" count="27" type="stmt"/>
        <line num="20" count="27" type="stmt"/>
        <line num="21" count="27" type="stmt"/>
        <line num="22" count="27" type="stmt"/>
        <line num="23" count="27" type="stmt"/>
        <line num="24" count="27" type="stmt"/>
        <line num="29" count="8" type="stmt"/>
        <line num="34" count="1" type="stmt"/>
        <line num="35" count="1" type="cond" truecount="1" falsecount="0"/>
        <line num="36" count="1" type="stmt"/>
        <line num="42" count="5" type="stmt"/>
        <line num="45" count="5" type="cond" truecount="1" falsecount="0"/>
        <line num="47" count="1" type="stmt"/>
        <line num="51" count="4" type="stmt"/>
        <line num="53" count="13" type="stmt"/>
        <line num="56" count="8" type="cond" truecount="1" falsecount="0"/>
        <line num="57" count="1" type="stmt"/>
        <line num="62" count="3" type="stmt"/>
        <line num="64" count="9" type="cond" truecount="0" falsecount="1"/>
        <line num="66" count="0" type="stmt"/>
        <line num="69" count="0" type="cond" truecount="0" falsecount="1"/>
        <line num="70" count="0" type="stmt"/>
        <line num="76" count="3" type="stmt"/>
        <line num="80" count="16" type="stmt"/>
      </file>
      <file name="Advisor.ts" path="/Users/gilbertoarellano/Dropbox/Academia/Chapman/Spring 2024/SE 498/arellano.gilberto.se498.assignment2/academic-advising-tool/src/models/Advisor.ts">
        <metrics statements="22" coveredstatements="22" conditionals="26" coveredconditionals="26" methods="8" coveredmethods="8"/>
        <line num="1" count="3" type="stmt"/>
        <line num="5" count="3" type="stmt"/>
        <line num="9" count="15" type="stmt"/>
        <line num="20" count="15" type="cond" truecount="16" falsecount="0"/>
        <line num="21" count="15" type="stmt"/>
        <line num="22" count="15" type="stmt"/>
        <line num="23" count="15" type="stmt"/>
        <line num="28" count="6" type="stmt"/>
        <line num="29" count="6" type="cond" truecount="1" falsecount="0"/>
        <line num="30" count="1" type="stmt"/>
        <line num="34" count="5" type="cond" truecount="2" falsecount="0"/>
        <line num="35" count="3" type="stmt"/>
        <line num="37" count="2" type="stmt"/>
        <line num="41" count="5" type="stmt"/>
        <line num="46" count="4" type="stmt"/>
        <line num="51" count="3" type="stmt"/>
        <line num="56" count="2" type="stmt"/>
        <line num="59" count="2" type="stmt"/>
        <line num="64" count="1" type="stmt"/>
        <line num="67" count="1" type="cond" truecount="1" falsecount="0"/>
        <line num="68" count="1" type="stmt"/>
        <line num="70" count="1" type="stmt"/>
      </file>
      <file name="Course.ts" path="/Users/gilbertoarellano/Dropbox/Academia/Chapman/Spring 2024/SE 498/arellano.gilberto.se498.assignment2/academic-advising-tool/src/models/Course.ts">
        <metrics statements="6" coveredstatements="6" conditionals="0" coveredconditionals="0" methods="1" coveredmethods="1"/>
        <line num="2" count="4" type="stmt"/>
        <line num="10" count="46" type="stmt"/>
        <line num="11" count="46" type="stmt"/>
        <line num="12" count="46" type="stmt"/>
        <line num="13" count="46" type="stmt"/>
        <line num="14" count="46" type="stmt"/>
      </file>
      <file name="DegreeRequirement.ts" path="/Users/gilbertoarellano/Dropbox/Academia/Chapman/Spring 2024/SE 498/arellano.gilberto.se498.assignment2/academic-advising-tool/src/models/DegreeRequirement.ts">
        <metrics statements="9" coveredstatements="9" conditionals="5" coveredconditionals="5" methods="5" coveredmethods="5"/>
        <line num="4" count="5" type="stmt"/>
        <line num="18" count="36" type="stmt"/>
        <line num="19" count="36" type="stmt"/>
        <line num="20" count="36" type="stmt"/>
        <line num="21" count="36" type="stmt"/>
        <line num="22" count="36" type="stmt"/>
        <line num="26" count="3" type="stmt"/>
        <line num="31" count="2" type="stmt"/>
        <line num="35" count="2" type="stmt"/>
      </file>
      <file name="Student.ts" path="/Users/gilbertoarellano/Dropbox/Academia/Chapman/Spring 2024/SE 498/arellano.gilberto.se498.assignment2/academic-advising-tool/src/models/Student.ts">
        <metrics statements="17" coveredstatements="16" conditionals="23" coveredconditionals="15" methods="4" coveredmethods="4"/>
        <line num="2" count="3" type="stmt"/>
        <line num="3" count="3" type="stmt"/>
        <line num="6" count="3" type="stmt"/>
        <line num="11" count="11" type="stmt"/>
        <line num="22" count="11" type="cond" truecount="9" falsecount="3"/>
        <line num="23" count="11" type="cond" truecount="3" falsecount="1"/>
        <line num="24" count="11" type="stmt"/>
        <line num="25" count="11" type="stmt"/>
        <line num="26" count="11" type="stmt"/>
        <line num="30" count="10" type="stmt"/>
        <line num="35" count="1" type="stmt"/>
        <line num="38" count="1" type="stmt"/>
        <line num="41" count="1" type="stmt"/>
        <line num="45" count="5" type="cond" truecount="3" falsecount="1"/>
        <line num="46" count="5" type="stmt"/>
        <line num="47" count="5" type="stmt"/>
        <line num="50" count="0" type="stmt"/>
      </file>
      <file name="SystemUser.ts" path="/Users/gilbertoarellano/Dropbox/Academia/Chapman/Spring 2024/SE 498/arellano.gilberto.se498.assignment2/academic-advising-tool/src/models/SystemUser.ts">
        <metrics statements="5" coveredstatements="5" conditionals="0" coveredconditionals="0" methods="1" coveredmethods="1"/>
        <line num="1" count="4" type="stmt"/>
        <line num="8" count="27" type="stmt"/>
        <line num="9" count="27" type="stmt"/>
        <line num="10" count="27" type="stmt"/>
        <line num="11" count="27" type="stmt"/>
      </file>
    </package>
    <package name="services">
      <metrics statements="15" coveredstatements="14" conditionals="4" coveredconditionals="3" methods="2" coveredmethods="2"/>
      <file name="DegreePlanService.ts" path="/Users/gilbertoarellano/Dropbox/Academia/Chapman/Spring 2024/SE 498/arellano.gilberto.se498.assignment2/academic-advising-tool/src/services/DegreePlanService.ts">
        <metrics statements="15" coveredstatements="14" conditionals="4" coveredconditionals="3" methods="2" coveredmethods="2"/>
        <line num="2" count="1" type="stmt"/>
        <line num="3" count="1" type="stmt"/>
        <line num="10" count="3" type="stmt"/>
        <line num="19" count="3" type="stmt"/>
        <line num="28" count="3" type="stmt"/>
        <line num="36" count="3" type="stmt"/>
        <line num="42" count="2" type="stmt"/>
        <line num="45" count="2" type="stmt"/>
        <line num="46" count="2" type="cond" truecount="1" falsecount="1"/>
        <line num="47" count="2" type="stmt"/>
        <line num="50" count="2" type="cond" truecount="2" falsecount="0"/>
        <line num="51" count="1" type="stmt"/>
        <line num="53" count="1" type="stmt"/>
        <line num="57" count="0" type="stmt"/>
        <line num="62" count="1" type="stmt"/>
      </file>
    </package>
  </project>
</coverage>
