{"/Users/gilbertoarellano/Dropbox/Academia/Chapman/Spring 2024/SE 498/arellano.gilberto.se498.assignment2/academic-advising-tool/src/models/AcademicPlan.ts": {"path":"/Users/gilbertoarellano/Dropbox/Academia/Chapman/Spring 2024/SE 498/arellano.gilberto.se498.assignment2/academic-advising-tool/src/models/AcademicPlan.ts","statementMap":{"0":{"start":{"line":2,"column":0},"end":{"line":2,"column":56}},"1":{"start":{"line":9,"column":4},"end":{"line":9,"column":32}},"2":{"start":{"line":10,"column":4},"end":{"line":10,"column":27}},"3":{"start":{"line":20,"column":8},"end":{"line":20,"column":29}},"4":{"start":{"line":21,"column":8},"end":{"line":21,"column":67}},"5":{"start":{"line":22,"column":8},"end":{"line":22,"column":45}},"6":{"start":{"line":23,"column":8},"end":{"line":23,"column":33}},"7":{"start":{"line":24,"column":8},"end":{"line":24,"column":51}},"8":{"start":{"line":29,"column":8},"end":{"line":29,"column":34}},"9":{"start":{"line":34,"column":28},"end":{"line":34,"column":87}},"10":{"start":{"line":34,"column":56},"end":{"line":34,"column":86}},"11":{"start":{"line":35,"column":8},"end":{"line":37,"column":9}},"12":{"start":{"line":36,"column":12},"end":{"line":36,"column":48}},"13":{"start":{"line":42,"column":29},"end":{"line":42,"column":57}},"14":{"start":{"line":45,"column":8},"end":{"line":48,"column":9}},"15":{"start":{"line":47,"column":12},"end":{"line":47,"column":25}},"16":{"start":{"line":51,"column":8},"end":{"line":59,"column":9}},"17":{"start":{"line":53,"column":38},"end":{"line":53,"column":106}},"18":{"start":{"line":53,"column":66},"end":{"line":53,"column":105}},"19":{"start":{"line":56,"column":12},"end":{"line":58,"column":13}},"20":{"start":{"line":57,"column":16},"end":{"line":57,"column":29}},"21":{"start":{"line":62,"column":8},"end":{"line":73,"column":9}},"22":{"start":{"line":64,"column":12},"end":{"line":72,"column":13}},"23":{"start":{"line":66,"column":36},"end":{"line":66,"column":91}},"24":{"start":{"line":69,"column":16},"end":{"line":71,"column":17}},"25":{"start":{"line":70,"column":20},"end":{"line":70,"column":33}},"26":{"start":{"line":76,"column":8},"end":{"line":76,"column":20}},"27":{"start":{"line":80,"column":8},"end":{"line":80,"column":81}},"28":{"start":{"line":80,"column":54},"end":{"line":80,"column":76}},"29":{"start":{"line":4,"column":0},"end":{"line":4,"column":13}}},"fnMap":{"0":{"name":"(anonymous_0)","decl":{"start":{"line":13,"column":4},"end":{"line":13,"column":null}},"loc":{"start":{"line":18,"column":70},"end":{"line":25,"column":5}}},"1":{"name":"(anonymous_1)","decl":{"start":{"line":27,"column":4},"end":{"line":27,"column":13}},"loc":{"start":{"line":27,"column":28},"end":{"line":30,"column":5}}},"2":{"name":"(anonymous_2)","decl":{"start":{"line":32,"column":4},"end":{"line":32,"column":16}},"loc":{"start":{"line":32,"column":31},"end":{"line":38,"column":5}}},"3":{"name":"(anonymous_3)","decl":{"start":{"line":34,"column":51},"end":{"line":34,"column":52}},"loc":{"start":{"line":34,"column":56},"end":{"line":34,"column":86}}},"4":{"name":"(anonymous_4)","decl":{"start":{"line":40,"column":4},"end":{"line":40,"column":16}},"loc":{"start":{"line":40,"column":16},"end":{"line":77,"column":5}}},"5":{"name":"(anonymous_5)","decl":{"start":{"line":53,"column":56},"end":{"line":53,"column":62}},"loc":{"start":{"line":53,"column":66},"end":{"line":53,"column":105}}},"6":{"name":"(anonymous_6)","decl":{"start":{"line":79,"column":4},"end":{"line":79,"column":25}},"loc":{"start":{"line":79,"column":25},"end":{"line":81,"column":5}}},"7":{"name":"(anonymous_7)","decl":{"start":{"line":80,"column":35},"end":{"line":80,"column":36}},"loc":{"start":{"line":80,"column":54},"end":{"line":80,"column":76}}}},"branchMap":{"0":{"loc":{"start":{"line":14,"column":8},"end":{"line":14,"column":26}},"type":"default-arg","locations":[{"start":{"line":14,"column":25},"end":{"line":14,"column":26}}]},"1":{"loc":{"start":{"line":15,"column":8},"end":{"line":15,"column":50}},"type":"default-arg","locations":[{"start":{"line":15,"column":44},"end":{"line":15,"column":50}}]},"2":{"loc":{"start":{"line":16,"column":8},"end":{"line":16,"column":35}},"type":"default-arg","locations":[{"start":{"line":16,"column":33},"end":{"line":16,"column":35}}]},"3":{"loc":{"start":{"line":17,"column":8},"end":{"line":17,"column":40}},"type":"default-arg","locations":[{"start":{"line":17,"column":27},"end":{"line":17,"column":40}}]},"4":{"loc":{"start":{"line":18,"column":8},"end":{"line":18,"column":70}},"type":"default-arg","locations":[{"start":{"line":18,"column":47},"end":{"line":18,"column":70}}]},"5":{"loc":{"start":{"line":35,"column":8},"end":{"line":37,"column":9}},"type":"if","locations":[{"start":{"line":35,"column":8},"end":{"line":37,"column":9}}]},"6":{"loc":{"start":{"line":45,"column":8},"end":{"line":48,"column":9}},"type":"if","locations":[{"start":{"line":45,"column":8},"end":{"line":48,"column":9}}]},"7":{"loc":{"start":{"line":56,"column":12},"end":{"line":58,"column":13}},"type":"if","locations":[{"start":{"line":56,"column":12},"end":{"line":58,"column":13}}]},"8":{"loc":{"start":{"line":64,"column":12},"end":{"line":72,"column":13}},"type":"if","locations":[{"start":{"line":64,"column":12},"end":{"line":72,"column":13}}]},"9":{"loc":{"start":{"line":69,"column":16},"end":{"line":71,"column":17}},"type":"if","locations":[{"start":{"line":69,"column":16},"end":{"line":71,"column":17}}]}},"s":{"0":4,"1":27,"2":27,"3":27,"4":27,"5":27,"6":27,"7":27,"8":8,"9":1,"10":1,"11":1,"12":1,"13":5,"14":5,"15":1,"16":4,"17":8,"18":13,"19":8,"20":1,"21":3,"22":9,"23":0,"24":0,"25":0,"26":3,"27":6,"28":16,"29":4},"f":{"0":27,"1":8,"2":1,"3":1,"4":5,"5":13,"6":6,"7":16},"b":{"0":[6],"1":[6],"2":[6],"3":[6],"4":[6],"5":[1],"6":[1],"7":[1],"8":[0],"9":[0]}}
,"/Users/gilbertoarellano/Dropbox/Academia/Chapman/Spring 2024/SE 498/arellano.gilberto.se498.assignment2/academic-advising-tool/src/models/Advisor.ts": {"path":"/Users/gilbertoarellano/Dropbox/Academia/Chapman/Spring 2024/SE 498/arellano.gilberto.se498.assignment2/academic-advising-tool/src/models/Advisor.ts","statementMap":{"0":{"start":{"line":1,"column":0},"end":{"line":1,"column":42}},"1":{"start":{"line":20,"column":8},"end":{"line":20,"column":99}},"2":{"start":{"line":9,"column":4},"end":{"line":9,"column":38}},"3":{"start":{"line":21,"column":8},"end":{"line":21,"column":35}},"4":{"start":{"line":22,"column":8},"end":{"line":22,"column":37}},"5":{"start":{"line":23,"column":8},"end":{"line":23,"column":27}},"6":{"start":{"line":28,"column":26},"end":{"line":28,"column":84}},"7":{"start":{"line":28,"column":59},"end":{"line":28,"column":83}},"8":{"start":{"line":29,"column":8},"end":{"line":31,"column":9}},"9":{"start":{"line":30,"column":12},"end":{"line":30,"column":19}},"10":{"start":{"line":34,"column":8},"end":{"line":38,"column":9}},"11":{"start":{"line":35,"column":12},"end":{"line":35,"column":35}},"12":{"start":{"line":37,"column":12},"end":{"line":37,"column":32}},"13":{"start":{"line":41,"column":8},"end":{"line":41,"column":47}},"14":{"start":{"line":46,"column":8},"end":{"line":46,"column":31}},"15":{"start":{"line":51,"column":8},"end":{"line":51,"column":32}},"16":{"start":{"line":56,"column":8},"end":{"line":56,"column":36}},"17":{"start":{"line":59,"column":8},"end":{"line":59,"column":36}},"18":{"start":{"line":64,"column":22},"end":{"line":64,"column":85}},"19":{"start":{"line":64,"column":51},"end":{"line":64,"column":84}},"20":{"start":{"line":67,"column":8},"end":{"line":71,"column":9}},"21":{"start":{"line":68,"column":12},"end":{"line":68,"column":43}},"22":{"start":{"line":70,"column":12},"end":{"line":70,"column":40}},"23":{"start":{"line":5,"column":0},"end":{"line":5,"column":13}}},"fnMap":{"0":{"name":"(anonymous_0)","decl":{"start":{"line":11,"column":4},"end":{"line":11,"column":null}},"loc":{"start":{"line":17,"column":40},"end":{"line":24,"column":5}}},"1":{"name":"(anonymous_1)","decl":{"start":{"line":26,"column":4},"end":{"line":26,"column":14}},"loc":{"start":{"line":26,"column":33},"end":{"line":42,"column":5}}},"2":{"name":"(anonymous_2)","decl":{"start":{"line":28,"column":54},"end":{"line":28,"column":55}},"loc":{"start":{"line":28,"column":59},"end":{"line":28,"column":83}}},"3":{"name":"(anonymous_3)","decl":{"start":{"line":44,"column":4},"end":{"line":44,"column":15}},"loc":{"start":{"line":44,"column":34},"end":{"line":47,"column":5}}},"4":{"name":"(anonymous_4)","decl":{"start":{"line":49,"column":4},"end":{"line":49,"column":12}},"loc":{"start":{"line":49,"column":31},"end":{"line":52,"column":5}}},"5":{"name":"(anonymous_5)","decl":{"start":{"line":54,"column":4},"end":{"line":54,"column":14}},"loc":{"start":{"line":54,"column":31},"end":{"line":60,"column":5}}},"6":{"name":"(anonymous_6)","decl":{"start":{"line":62,"column":4},"end":{"line":62,"column":17}},"loc":{"start":{"line":62,"column":34},"end":{"line":72,"column":5}}},"7":{"name":"(anonymous_7)","decl":{"start":{"line":64,"column":46},"end":{"line":64,"column":47}},"loc":{"start":{"line":64,"column":51},"end":{"line":64,"column":84}}}},"branchMap":{"0":{"loc":{"start":{"line":12,"column":8},"end":{"line":12,"column":36}},"type":"default-arg","locations":[{"start":{"line":12,"column":32},"end":{"line":12,"column":36}}]},"1":{"loc":{"start":{"line":13,"column":8},"end":{"line":13,"column":34}},"type":"default-arg","locations":[{"start":{"line":13,"column":30},"end":{"line":13,"column":34}}]},"2":{"loc":{"start":{"line":14,"column":8},"end":{"line":14,"column":35}},"type":"default-arg","locations":[{"start":{"line":14,"column":31},"end":{"line":14,"column":35}}]},"3":{"loc":{"start":{"line":15,"column":8},"end":{"line":15,"column":34}},"type":"default-arg","locations":[{"start":{"line":15,"column":30},"end":{"line":15,"column":34}}]},"4":{"loc":{"start":{"line":16,"column":8},"end":{"line":16,"column":39}},"type":"default-arg","locations":[{"start":{"line":16,"column":35},"end":{"line":16,"column":39}}]},"5":{"loc":{"start":{"line":17,"column":8},"end":{"line":17,"column":40}},"type":"default-arg","locations":[{"start":{"line":17,"column":36},"end":{"line":17,"column":40}}]},"6":{"loc":{"start":{"line":20,"column":14},"end":{"line":20,"column":26}},"type":"cond-expr","locations":[{"start":{"line":20,"column":14},"end":{"line":20,"column":20}},{"start":{"line":20,"column":24},"end":{"line":20,"column":26}}]},"7":{"loc":{"start":{"line":20,"column":14},"end":{"line":20,"column":24}},"type":"binary-expr","locations":[{"start":{"line":20,"column":14},"end":{"line":20,"column":24}},{"start":{"line":20,"column":14},"end":{"line":20,"column":24}}]},"8":{"loc":{"start":{"line":20,"column":28},"end":{"line":20,"column":45}},"type":"cond-expr","locations":[{"start":{"line":20,"column":28},"end":{"line":20,"column":32}},{"start":{"line":20,"column":36},"end":{"line":20,"column":45}}]},"9":{"loc":{"start":{"line":20,"column":28},"end":{"line":20,"column":36}},"type":"binary-expr","locations":[{"start":{"line":20,"column":28},"end":{"line":20,"column":36}},{"start":{"line":20,"column":28},"end":{"line":20,"column":36}}]},"10":{"loc":{"start":{"line":20,"column":47},"end":{"line":20,"column":78}},"type":"cond-expr","locations":[{"start":{"line":20,"column":47},"end":{"line":20,"column":52}},{"start":{"line":20,"column":56},"end":{"line":20,"column":78}}]},"11":{"loc":{"start":{"line":20,"column":47},"end":{"line":20,"column":56}},"type":"binary-expr","locations":[{"start":{"line":20,"column":47},"end":{"line":20,"column":56}},{"start":{"line":20,"column":47},"end":{"line":20,"column":56}}]},"12":{"loc":{"start":{"line":20,"column":80},"end":{"line":20,"column":97}},"type":"cond-expr","locations":[{"start":{"line":20,"column":80},"end":{"line":20,"column":84}},{"start":{"line":20,"column":88},"end":{"line":20,"column":97}}]},"13":{"loc":{"start":{"line":20,"column":80},"end":{"line":20,"column":88}},"type":"binary-expr","locations":[{"start":{"line":20,"column":80},"end":{"line":20,"column":88}},{"start":{"line":20,"column":80},"end":{"line":20,"column":88}}]},"14":{"loc":{"start":{"line":29,"column":8},"end":{"line":31,"column":9}},"type":"if","locations":[{"start":{"line":29,"column":8},"end":{"line":31,"column":9}}]},"15":{"loc":{"start":{"line":34,"column":8},"end":{"line":38,"column":9}},"type":"if","locations":[{"start":{"line":34,"column":8},"end":{"line":38,"column":9}},{"start":{"line":36,"column":15},"end":{"line":38,"column":9}}]},"16":{"loc":{"start":{"line":67,"column":8},"end":{"line":71,"column":9}},"type":"if","locations":[{"start":{"line":67,"column":8},"end":{"line":71,"column":9}}]}},"s":{"0":3,"1":15,"2":15,"3":15,"4":15,"5":15,"6":6,"7":6,"8":6,"9":1,"10":5,"11":3,"12":2,"13":5,"14":4,"15":3,"16":2,"17":2,"18":1,"19":1,"20":1,"21":1,"22":1,"23":3},"f":{"0":15,"1":6,"2":6,"3":4,"4":3,"5":2,"6":1,"7":1},"b":{"0":[4],"1":[4],"2":[4],"3":[4],"4":[4],"5":[4],"6":[11,4],"7":[15,11],"8":[11,4],"9":[15,11],"10":[11,4],"11":[15,11],"12":[11,4],"13":[15,11],"14":[1],"15":[3,2],"16":[1]}}
,"/Users/gilbertoarellano/Dropbox/Academia/Chapman/Spring 2024/SE 498/arellano.gilberto.se498.assignment2/academic-advising-tool/src/models/Course.ts": {"path":"/Users/gilbertoarellano/Dropbox/Academia/Chapman/Spring 2024/SE 498/arellano.gilberto.se498.assignment2/academic-advising-tool/src/models/Course.ts","statementMap":{"0":{"start":{"line":10,"column":8},"end":{"line":10,"column":33}},"1":{"start":{"line":11,"column":8},"end":{"line":11,"column":25}},"2":{"start":{"line":12,"column":8},"end":{"line":12,"column":31}},"3":{"start":{"line":13,"column":8},"end":{"line":13,"column":37}},"4":{"start":{"line":14,"column":8},"end":{"line":14,"column":33}},"5":{"start":{"line":2,"column":0},"end":{"line":2,"column":13}}},"fnMap":{"0":{"name":"(anonymous_0)","decl":{"start":{"line":9,"column":4},"end":{"line":9,"column":16}},"loc":{"start":{"line":9,"column":101},"end":{"line":15,"column":5}}}},"branchMap":{},"s":{"0":46,"1":46,"2":46,"3":46,"4":46,"5":4},"f":{"0":46},"b":{}}
,"/Users/gilbertoarellano/Dropbox/Academia/Chapman/Spring 2024/SE 498/arellano.gilberto.se498.assignment2/academic-advising-tool/src/models/DegreeRequirement.ts": {"path":"/Users/gilbertoarellano/Dropbox/Academia/Chapman/Spring 2024/SE 498/arellano.gilberto.se498.assignment2/academic-advising-tool/src/models/DegreeRequirement.ts","statementMap":{"0":{"start":{"line":18,"column":8},"end":{"line":18,"column":43}},"1":{"start":{"line":19,"column":8},"end":{"line":19,"column":31}},"2":{"start":{"line":20,"column":8},"end":{"line":20,"column":51}},"3":{"start":{"line":21,"column":8},"end":{"line":21,"column":53}},"4":{"start":{"line":22,"column":8},"end":{"line":22,"column":41}},"5":{"start":{"line":26,"column":8},"end":{"line":26,"column":72}},"6":{"start":{"line":26,"column":47},"end":{"line":26,"column":67}},"7":{"start":{"line":31,"column":8},"end":{"line":31,"column":75}},"8":{"start":{"line":35,"column":8},"end":{"line":35,"column":65}},"9":{"start":{"line":4,"column":0},"end":{"line":4,"column":13}}},"fnMap":{"0":{"name":"(anonymous_0)","decl":{"start":{"line":11,"column":4},"end":{"line":11,"column":null}},"loc":{"start":{"line":16,"column":32},"end":{"line":23,"column":5}}},"1":{"name":"(anonymous_1)","decl":{"start":{"line":25,"column":4},"end":{"line":25,"column":20}},"loc":{"start":{"line":25,"column":38},"end":{"line":27,"column":5}}},"2":{"name":"(anonymous_2)","decl":{"start":{"line":26,"column":30},"end":{"line":26,"column":31}},"loc":{"start":{"line":26,"column":47},"end":{"line":26,"column":67}}},"3":{"name":"(anonymous_3)","decl":{"start":{"line":29,"column":4},"end":{"line":29,"column":26}},"loc":{"start":{"line":29,"column":41},"end":{"line":32,"column":5}}},"4":{"name":"(anonymous_4)","decl":{"start":{"line":34,"column":4},"end":{"line":34,"column":28}},"loc":{"start":{"line":34,"column":43},"end":{"line":36,"column":5}}}},"branchMap":{"0":{"loc":{"start":{"line":12,"column":8},"end":{"line":12,"column":33}},"type":"default-arg","locations":[{"start":{"line":12,"column":32},"end":{"line":12,"column":33}}]},"1":{"loc":{"start":{"line":13,"column":8},"end":{"line":13,"column":32}},"type":"default-arg","locations":[{"start":{"line":13,"column":26},"end":{"line":13,"column":32}}]},"2":{"loc":{"start":{"line":14,"column":8},"end":{"line":14,"column":40}},"type":"default-arg","locations":[{"start":{"line":14,"column":38},"end":{"line":14,"column":40}}]},"3":{"loc":{"start":{"line":15,"column":8},"end":{"line":15,"column":41}},"type":"default-arg","locations":[{"start":{"line":15,"column":39},"end":{"line":15,"column":41}}]},"4":{"loc":{"start":{"line":16,"column":8},"end":{"line":16,"column":32}},"type":"default-arg","locations":[{"start":{"line":16,"column":31},"end":{"line":16,"column":32}}]}},"s":{"0":36,"1":36,"2":36,"3":36,"4":36,"5":1,"6":3,"7":2,"8":2,"9":5},"f":{"0":36,"1":1,"2":3,"3":2,"4":2},"b":{"0":[6],"1":[6],"2":[6],"3":[6],"4":[6]}}
,"/Users/gilbertoarellano/Dropbox/Academia/Chapman/Spring 2024/SE 498/arellano.gilberto.se498.assignment2/academic-advising-tool/src/models/Student.ts": {"path":"/Users/gilbertoarellano/Dropbox/Academia/Chapman/Spring 2024/SE 498/arellano.gilberto.se498.assignment2/academic-advising-tool/src/models/Student.ts","statementMap":{"0":{"start":{"line":2,"column":0},"end":{"line":2,"column":42}},"1":{"start":{"line":3,"column":0},"end":{"line":3,"column":46}},"2":{"start":{"line":22,"column":8},"end":{"line":22,"column":86}},"3":{"start":{"line":11,"column":4},"end":{"line":11,"column":35}},"4":{"start":{"line":23,"column":8},"end":{"line":23,"column":41}},"5":{"start":{"line":24,"column":8},"end":{"line":24,"column":43}},"6":{"start":{"line":25,"column":8},"end":{"line":25,"column":45}},"7":{"start":{"line":26,"column":8},"end":{"line":26,"column":32}},"8":{"start":{"line":30,"column":8},"end":{"line":30,"column":31}},"9":{"start":{"line":35,"column":24},"end":{"line":35,"column":42}},"10":{"start":{"line":38,"column":8},"end":{"line":38,"column":41}},"11":{"start":{"line":41,"column":8},"end":{"line":41,"column":23}},"12":{"start":{"line":45,"column":8},"end":{"line":51,"column":9}},"13":{"start":{"line":46,"column":33},"end":{"line":46,"column":54}},"14":{"start":{"line":47,"column":12},"end":{"line":47,"column":57}},"15":{"start":{"line":50,"column":12},"end":{"line":50,"column":95}},"16":{"start":{"line":6,"column":0},"end":{"line":6,"column":13}}},"fnMap":{"0":{"name":"(anonymous_0)","decl":{"start":{"line":13,"column":4},"end":{"line":13,"column":null}},"loc":{"start":{"line":20,"column":34},"end":{"line":27,"column":5}}},"1":{"name":"(anonymous_1)","decl":{"start":{"line":29,"column":4},"end":{"line":29,"column":17}},"loc":{"start":{"line":29,"column":41},"end":{"line":31,"column":5}}},"2":{"name":"(anonymous_2)","decl":{"start":{"line":33,"column":4},"end":{"line":33,"column":14}},"loc":{"start":{"line":33,"column":14},"end":{"line":42,"column":5}}},"3":{"name":"(anonymous_3)","decl":{"start":{"line":44,"column":4},"end":{"line":44,"column":25}},"loc":{"start":{"line":44,"column":25},"end":{"line":52,"column":5}}}},"branchMap":{"0":{"loc":{"start":{"line":17,"column":8},"end":{"line":17,"column":32}},"type":"default-arg","locations":[{"start":{"line":17,"column":23},"end":{"line":17,"column":32}}]},"1":{"loc":{"start":{"line":19,"column":8},"end":{"line":19,"column":44}},"type":"default-arg","locations":[{"start":{"line":19,"column":32},"end":{"line":19,"column":44}}]},"2":{"loc":{"start":{"line":20,"column":8},"end":{"line":20,"column":34}},"type":"default-arg","locations":[{"start":{"line":20,"column":33},"end":{"line":20,"column":34}}]},"3":{"loc":{"start":{"line":22,"column":14},"end":{"line":22,"column":26}},"type":"cond-expr","locations":[{"start":{"line":22,"column":14},"end":{"line":22,"column":20}},{"start":{"line":22,"column":24},"end":{"line":22,"column":26}}]},"4":{"loc":{"start":{"line":22,"column":14},"end":{"line":22,"column":24}},"type":"binary-expr","locations":[{"start":{"line":22,"column":14},"end":{"line":22,"column":24}},{"start":{"line":22,"column":14},"end":{"line":22,"column":24}}]},"5":{"loc":{"start":{"line":22,"column":28},"end":{"line":22,"column":45}},"type":"cond-expr","locations":[{"start":{"line":22,"column":28},"end":{"line":22,"column":32}},{"start":{"line":22,"column":36},"end":{"line":22,"column":45}}]},"6":{"loc":{"start":{"line":22,"column":28},"end":{"line":22,"column":36}},"type":"binary-expr","locations":[{"start":{"line":22,"column":28},"end":{"line":22,"column":36}},{"start":{"line":22,"column":28},"end":{"line":22,"column":36}}]},"7":{"loc":{"start":{"line":22,"column":47},"end":{"line":22,"column":78}},"type":"cond-expr","locations":[{"start":{"line":22,"column":47},"end":{"line":22,"column":52}},{"start":{"line":22,"column":56},"end":{"line":22,"column":78}}]},"8":{"loc":{"start":{"line":22,"column":47},"end":{"line":22,"column":56}},"type":"binary-expr","locations":[{"start":{"line":22,"column":47},"end":{"line":22,"column":56}},{"start":{"line":22,"column":47},"end":{"line":22,"column":56}}]},"9":{"loc":{"start":{"line":23,"column":25},"end":{"line":23,"column":40}},"type":"cond-expr","locations":[{"start":{"line":23,"column":25},"end":{"line":23,"column":34}},{"start":{"line":23,"column":38},"end":{"line":23,"column":40}}]},"10":{"loc":{"start":{"line":23,"column":25},"end":{"line":23,"column":38}},"type":"binary-expr","locations":[{"start":{"line":23,"column":25},"end":{"line":23,"column":38}},{"start":{"line":23,"column":25},"end":{"line":23,"column":38}}]},"11":{"loc":{"start":{"line":45,"column":8},"end":{"line":51,"column":9}},"type":"if","locations":[{"start":{"line":45,"column":8},"end":{"line":51,"column":9}},{"start":{"line":49,"column":15},"end":{"line":51,"column":9}}]},"12":{"loc":{"start":{"line":45,"column":12},"end":{"line":45,"column":57}},"type":"binary-expr","locations":[{"start":{"line":45,"column":12},"end":{"line":45,"column":41}},{"start":{"line":45,"column":45},"end":{"line":45,"column":57}}]}},"s":{"0":3,"1":3,"2":11,"3":11,"4":11,"5":11,"6":11,"7":11,"8":10,"9":1,"10":1,"11":1,"12":5,"13":5,"14":5,"15":0,"16":3},"f":{"0":11,"1":10,"2":1,"3":5},"b":{"0":[0],"1":[0],"2":[0],"3":[11,0],"4":[11,11],"5":[11,0],"6":[11,11],"7":[11,0],"8":[11,11],"9":[11,0],"10":[11,11],"11":[5,0],"12":[5,5]}}
,"/Users/gilbertoarellano/Dropbox/Academia/Chapman/Spring 2024/SE 498/arellano.gilberto.se498.assignment2/academic-advising-tool/src/models/SystemUser.ts": {"path":"/Users/gilbertoarellano/Dropbox/Academia/Chapman/Spring 2024/SE 498/arellano.gilberto.se498.assignment2/academic-advising-tool/src/models/SystemUser.ts","statementMap":{"0":{"start":{"line":8,"column":8},"end":{"line":8,"column":29}},"1":{"start":{"line":9,"column":8},"end":{"line":9,"column":25}},"2":{"start":{"line":10,"column":8},"end":{"line":10,"column":27}},"3":{"start":{"line":11,"column":8},"end":{"line":11,"column":25}},"4":{"start":{"line":1,"column":0},"end":{"line":1,"column":13}}},"fnMap":{"0":{"name":"(anonymous_0)","decl":{"start":{"line":7,"column":4},"end":{"line":7,"column":16}},"loc":{"start":{"line":7,"column":73},"end":{"line":12,"column":5}}}},"branchMap":{},"s":{"0":27,"1":27,"2":27,"3":27,"4":4},"f":{"0":27},"b":{}}
,"/Users/gilbertoarellano/Dropbox/Academia/Chapman/Spring 2024/SE 498/arellano.gilberto.se498.assignment2/academic-advising-tool/src/services/DegreePlanService.ts": {"path":"/Users/gilbertoarellano/Dropbox/Academia/Chapman/Spring 2024/SE 498/arellano.gilberto.se498.assignment2/academic-advising-tool/src/services/DegreePlanService.ts","statementMap":{"0":{"start":{"line":2,"column":0},"end":{"line":2,"column":54}},"1":{"start":{"line":3,"column":0},"end":{"line":3,"column":64}},"2":{"start":{"line":10,"column":30},"end":{"line":15,"column":null}},"3":{"start":{"line":19,"column":25},"end":{"line":24,"column":null}},"4":{"start":{"line":28,"column":4},"end":{"line":28,"column":45}},"5":{"start":{"line":36,"column":4},"end":{"line":36,"column":24}},"6":{"start":{"line":42,"column":4},"end":{"line":42,"column":36}},"7":{"start":{"line":45,"column":20},"end":{"line":45,"column":35}},"8":{"start":{"line":46,"column":4},"end":{"line":58,"column":5}},"9":{"start":{"line":47,"column":6},"end":{"line":47,"column":39}},"10":{"start":{"line":50,"column":6},"end":{"line":54,"column":7}},"11":{"start":{"line":51,"column":8},"end":{"line":51,"column":56}},"12":{"start":{"line":53,"column":8},"end":{"line":53,"column":54}},"13":{"start":{"line":57,"column":6},"end":{"line":57,"column":70}},"14":{"start":{"line":62,"column":0},"end":{"line":62,"column":33}}},"fnMap":{"0":{"name":"(anonymous_0)","decl":{"start":{"line":8,"column":2},"end":{"line":8,"column":8}},"loc":{"start":{"line":8,"column":101},"end":{"line":37,"column":3}}},"1":{"name":"(anonymous_1)","decl":{"start":{"line":40,"column":2},"end":{"line":40,"column":8}},"loc":{"start":{"line":40,"column":75},"end":{"line":59,"column":3}}}},"branchMap":{"0":{"loc":{"start":{"line":46,"column":4},"end":{"line":58,"column":5}},"type":"if","locations":[{"start":{"line":46,"column":4},"end":{"line":58,"column":5}},{"start":{"line":56,"column":11},"end":{"line":58,"column":5}}]},"1":{"loc":{"start":{"line":50,"column":6},"end":{"line":54,"column":7}},"type":"if","locations":[{"start":{"line":50,"column":6},"end":{"line":54,"column":7}},{"start":{"line":52,"column":13},"end":{"line":54,"column":7}}]}},"s":{"0":1,"1":1,"2":3,"3":3,"4":3,"5":3,"6":2,"7":2,"8":2,"9":2,"10":2,"11":1,"12":1,"13":0,"14":1},"f":{"0":3,"1":2},"b":{"0":[2,0],"1":[1,1]}}
}
