TN:
SF:src/models/AcademicPlan.ts
FN:13,(anonymous_0)
FN:27,(anonymous_1)
FN:32,(anonymous_2)
FN:34,(anonymous_3)
FN:40,(anonymous_4)
FN:53,(anonymous_5)
FN:79,(anonymous_6)
FN:80,(anonymous_7)
FNF:8
FNH:8
FNDA:27,(anonymous_0)
FNDA:8,(anonymous_1)
FNDA:1,(anonymous_2)
FNDA:1,(anonymous_3)
FNDA:5,(anonymous_4)
FNDA:13,(anonymous_5)
FNDA:6,(anonymous_6)
FNDA:16,(anonymous_7)
DA:2,4
DA:4,4
DA:9,27
DA:10,27
DA:20,27
DA:21,27
DA:22,27
DA:23,27
DA:24,27
DA:29,8
DA:34,1
DA:35,1
DA:36,1
DA:42,5
DA:45,5
DA:47,1
DA:51,4
DA:53,13
DA:56,8
DA:57,1
DA:62,3
DA:64,9
DA:66,0
DA:69,0
DA:70,0
DA:76,3
DA:80,16
LF:27
LH:24
BRDA:14,0,0,6
BRDA:15,1,0,6
BRDA:16,2,0,6
BRDA:17,3,0,6
BRDA:18,4,0,6
BRDA:35,5,0,1
BRDA:45,6,0,1
BRDA:56,7,0,1
BRDA:64,8,0,0
BRDA:69,9,0,0
BRF:10
BRH:8
end_of_record
TN:
SF:src/models/Advisor.ts
FN:11,(anonymous_0)
FN:26,(anonymous_1)
FN:28,(anonymous_2)
FN:44,(anonymous_3)
FN:49,(anonymous_4)
FN:54,(anonymous_5)
FN:62,(anonymous_6)
FN:64,(anonymous_7)
FNF:8
FNH:8
FNDA:15,(anonymous_0)
FNDA:6,(anonymous_1)
FNDA:6,(anonymous_2)
FNDA:4,(anonymous_3)
FNDA:3,(anonymous_4)
FNDA:2,(anonymous_5)
FNDA:1,(anonymous_6)
FNDA:1,(anonymous_7)
DA:1,3
DA:5,3
DA:9,15
DA:20,15
DA:21,15
DA:22,15
DA:23,15
DA:28,6
DA:29,6
DA:30,1
DA:34,5
DA:35,3
DA:37,2
DA:41,5
DA:46,4
DA:51,3
DA:56,2
DA:59,2
DA:64,1
DA:67,1
DA:68,1
DA:70,1
LF:22
LH:22
BRDA:12,0,0,4
BRDA:13,1,0,4
BRDA:14,2,0,4
BRDA:15,3,0,4
BRDA:16,4,0,4
BRDA:17,5,0,4
BRDA:20,6,0,11
BRDA:20,6,1,4
BRDA:20,7,0,15
BRDA:20,7,1,11
BRDA:20,8,0,11
BRDA:20,8,1,4
BRDA:20,9,0,15
BRDA:20,9,1,11
BRDA:20,10,0,11
BRDA:20,10,1,4
BRDA:20,11,0,15
BRDA:20,11,1,11
BRDA:20,12,0,11
BRDA:20,12,1,4
BRDA:20,13,0,15
BRDA:20,13,1,11
BRDA:29,14,0,1
BRDA:34,15,0,3
BRDA:34,15,1,2
BRDA:67,16,0,1
BRF:26
BRH:26
end_of_record
TN:
SF:src/models/Course.ts
FN:9,(anonymous_0)
FNF:1
FNH:1
FNDA:46,(anonymous_0)
DA:2,4
DA:10,46
DA:11,46
DA:12,46
DA:13,46
DA:14,46
LF:6
LH:6
BRF:0
BRH:0
end_of_record
TN:
SF:src/models/DegreeRequirement.ts
FN:11,(anonymous_0)
FN:25,(anonymous_1)
FN:26,(anonymous_2)
FN:29,(anonymous_3)
FN:34,(anonymous_4)
FNF:5
FNH:5
FNDA:36,(anonymous_0)
FNDA:1,(anonymous_1)
FNDA:3,(anonymous_2)
FNDA:2,(anonymous_3)
FNDA:2,(anonymous_4)
DA:4,5
DA:18,36
DA:19,36
DA:20,36
DA:21,36
DA:22,36
DA:26,3
DA:31,2
DA:35,2
LF:9
LH:9
BRDA:12,0,0,6
BRDA:13,1,0,6
BRDA:14,2,0,6
BRDA:15,3,0,6
BRDA:16,4,0,6
BRF:5
BRH:5
end_of_record
TN:
SF:src/models/Student.ts
FN:13,(anonymous_0)
FN:29,(anonymous_1)
FN:33,(anonymous_2)
FN:44,(anonymous_3)
FNF:4
FNH:4
FNDA:11,(anonymous_0)
FNDA:10,(anonymous_1)
FNDA:1,(anonymous_2)
FNDA:5,(anonymous_3)
DA:2,3
DA:3,3
DA:6,3
DA:11,11
DA:22,11
DA:23,11
DA:24,11
DA:25,11
DA:26,11
DA:30,10
DA:35,1
DA:38,1
DA:41,1
DA:45,5
DA:46,5
DA:47,5
DA:50,0
LF:17
LH:16
BRDA:17,0,0,0
BRDA:19,1,0,0
BRDA:20,2,0,0
BRDA:22,3,0,11
BRDA:22,3,1,0
BRDA:22,4,0,11
BRDA:22,4,1,11
BRDA:22,5,0,11
BRDA:22,5,1,0
BRDA:22,6,0,11
BRDA:22,6,1,11
BRDA:22,7,0,11
BRDA:22,7,1,0
BRDA:22,8,0,11
BRDA:22,8,1,11
BRDA:23,9,0,11
BRDA:23,9,1,0
BRDA:23,10,0,11
BRDA:23,10,1,11
BRDA:45,11,0,5
BRDA:45,11,1,0
BRDA:45,12,0,5
BRDA:45,12,1,5
BRF:23
BRH:15
end_of_record
TN:
SF:src/models/SystemUser.ts
FN:7,(anonymous_0)
FNF:1
FNH:1
FNDA:27,(anonymous_0)
DA:1,4
DA:8,27
DA:9,27
DA:10,27
DA:11,27
LF:5
LH:5
BRF:0
BRH:0
end_of_record
TN:
SF:src/services/DegreePlanService.ts
FN:8,(anonymous_0)
FN:40,(anonymous_1)
FNF:2
FNH:2
FNDA:3,(anonymous_0)
FNDA:2,(anonymous_1)
DA:2,1
DA:3,1
DA:10,3
DA:19,3
DA:28,3
DA:36,3
DA:42,2
DA:45,2
DA:46,2
DA:47,2
DA:50,2
DA:51,1
DA:53,1
DA:57,0
DA:62,1
LF:15
LH:14
BRDA:46,0,0,2
BRDA:46,0,1,0
BRDA:50,1,0,1
BRDA:50,1,1,1
BRF:4
BRH:3
end_of_record
